<?xml version="1.0" encoding="UTF-8"?>
<testng-results ignored="0" total="1" passed="1" failed="0" skipped="0">
  <reporter-output>
  </reporter-output>
  <suite started-at="2021-12-16T15:27:27 IST" name="inetbankingV1" finished-at="2021-12-16T15:28:15 IST" duration-ms="48206">
    <groups>
    </groups>
    <test started-at="2021-12-16T15:27:27 IST" name="logintest" finished-at="2021-12-16T15:28:15 IST" duration-ms="48206">
      <class name="com.inetBanking.testCases.TC_WithdrwalTest_010">
        <test-method is-config="true" signature="setUp(java.lang.String)[pri:0, instance:com.inetBanking.testCases.TC_WithdrwalTest_010@6221a451]" started-at="2021-12-16T15:27:27 IST" name="setUp" finished-at="2021-12-16T15:27:33 IST" duration-ms="6042" status="PASS">
          <params>
            <param index="0">
              <value>
                <![CDATA[firefox]]>
              </value>
            </param>
          </params>
          <reporter-output>
          </reporter-output>
        </test-method> <!-- setUp -->
        <test-method signature="withdrawalAmount()[pri:0, instance:com.inetBanking.testCases.TC_WithdrwalTest_010@6221a451]" started-at="2021-12-16T15:27:33 IST" name="withdrawalAmount" finished-at="2021-12-16T15:28:13 IST" duration-ms="40302" status="PASS">
          <reporter-output>
          </reporter-output>
        </test-method> <!-- withdrawalAmount -->
        <test-method is-config="true" signature="tearDown()[pri:0, instance:com.inetBanking.testCases.TC_WithdrwalTest_010@6221a451]" started-at="2021-12-16T15:28:13 IST" name="tearDown" finished-at="2021-12-16T15:28:15 IST" duration-ms="1453" status="PASS">
          <reporter-output>
          </reporter-output>
        </test-method> <!-- tearDown -->
      </class> <!-- com.inetBanking.testCases.TC_WithdrwalTest_010 -->
    </test> <!-- logintest -->
  </suite> <!-- inetbankingV1 -->
</testng-results>
